<?xml version="1.0" encoding="UTF-8"?>
<!-- Generated by org.testng.reporters.JUnitReportReporter -->
<testsuite skipped="1" hostname="DESKTOP-A7JRL7O" name="com.qa.TestCases.Testcase" tests="2" failures="0" timestamp="16 May 2019 03:13:07 GMT" time="131.831" errors="0">
  <testcase name="NewLoanTest" time="131.831" classname="com.qa.TestCases.Testcase"/>
  <testcase name="TestApplication" classname="com.qa.TestCases.Testcase">
    <skipped/>
  </testcase> <!-- TestApplication -->
</testsuite> <!-- com.qa.TestCases.Testcase -->
